{"/Users/cyrocosta/Black-Wallet/config.js": {"path":"/Users/cyrocosta/Black-Wallet/config.js","statementMap":{},"fnMap":{},"branchMap":{},"s":{},"f":{},"b":{},"_coverageSchema":"1a1c01bbd47fc00a2c39e90264f33305004495a9","hash":"ba453bd1ca3f7bf6b29d9035862af0d2c0699154"}
,"/Users/cyrocosta/Black-Wallet/src/assets/BTCLogo.png": {"path":"/Users/cyrocosta/Black-Wallet/src/assets/BTCLogo.png","statementMap":{"0":{"start":{"line":1,"column":0},"end":{"line":4,"column":6}}},"fnMap":{},"branchMap":{},"s":{"0":1},"f":{},"b":{},"_coverageSchema":"1a1c01bbd47fc00a2c39e90264f33305004495a9","hash":"5e0075efa499e3bfda2ff245fa7843f991a7a0fe"}
,"/Users/cyrocosta/Black-Wallet/src/component/Modal/Modal.tsx": {"path":"/Users/cyrocosta/Black-Wallet/src/component/Modal/Modal.tsx","statementMap":{"0":{"start":{"line":9,"column":21},"end":{"line":21,"column":1}},"1":{"start":{"line":10,"column":2},"end":{"line":20,"column":4}},"2":{"start":{"line":23,"column":30},"end":{"line":25,"column":1}},"3":{"start":{"line":24,"column":2},"end":{"line":24,"column":50}},"4":{"start":{"line":27,"column":27},"end":{"line":31,"column":1}},"5":{"start":{"line":28,"column":2},"end":{"line":30,"column":9}},"6":{"start":{"line":33,"column":25},"end":{"line":35,"column":1}},"7":{"start":{"line":34,"column":2},"end":{"line":34,"column":45}},"8":{"start":{"line":37,"column":27},"end":{"line":39,"column":1}},"9":{"start":{"line":38,"column":2},"end":{"line":38,"column":47}},"10":{"start":{"line":41,"column":15},"end":{"line":70,"column":2}}},"fnMap":{"0":{"name":"(anonymous_0)","decl":{"start":{"line":9,"column":21},"end":{"line":9,"column":22}},"loc":{"start":{"line":9,"column":78},"end":{"line":21,"column":1}},"line":9},"1":{"name":"(anonymous_1)","decl":{"start":{"line":23,"column":30},"end":{"line":23,"column":31}},"loc":{"start":{"line":24,"column":2},"end":{"line":24,"column":50}},"line":24},"2":{"name":"(anonymous_2)","decl":{"start":{"line":27,"column":27},"end":{"line":27,"column":28}},"loc":{"start":{"line":28,"column":2},"end":{"line":30,"column":9}},"line":28},"3":{"name":"(anonymous_3)","decl":{"start":{"line":33,"column":25},"end":{"line":33,"column":26}},"loc":{"start":{"line":34,"column":2},"end":{"line":34,"column":45}},"line":34},"4":{"name":"(anonymous_4)","decl":{"start":{"line":37,"column":27},"end":{"line":37,"column":28}},"loc":{"start":{"line":38,"column":2},"end":{"line":38,"column":47}},"line":38}},"branchMap":{"0":{"loc":{"start":{"line":9,"column":23},"end":{"line":9,"column":40}},"type":"default-arg","locations":[{"start":{"line":9,"column":35},"end":{"line":9,"column":40}}],"line":9}},"s":{"0":1,"1":0,"2":1,"3":0,"4":1,"5":0,"6":1,"7":0,"8":1,"9":0,"10":1},"f":{"0":0,"1":0,"2":0,"3":0,"4":0},"b":{"0":[0]},"_coverageSchema":"1a1c01bbd47fc00a2c39e90264f33305004495a9","hash":"e4baac7db4fb7a8b0ca5d54bf21cc1f15af6b580"}
,"/Users/cyrocosta/Black-Wallet/src/component/Modal/modalButton/ModalButton.tsx": {"path":"/Users/cyrocosta/Black-Wallet/src/component/Modal/modalButton/ModalButton.tsx","statementMap":{"0":{"start":{"line":22,"column":25},"end":{"line":22,"column":54}},"1":{"start":{"line":23,"column":25},"end":{"line":23,"column":54}},"2":{"start":{"line":24,"column":46},"end":{"line":24,"column":61}},"3":{"start":{"line":25,"column":38},"end":{"line":25,"column":53}},"4":{"start":{"line":26,"column":26},"end":{"line":26,"column":38}},"5":{"start":{"line":27,"column":34},"end":{"line":27,"column":57}},"6":{"start":{"line":28,"column":28},"end":{"line":28,"column":40}},"7":{"start":{"line":30,"column":20},"end":{"line":32,"column":3}},"8":{"start":{"line":31,"column":4},"end":{"line":31,"column":39}},"9":{"start":{"line":34,"column":21},"end":{"line":44,"column":12}},"10":{"start":{"line":35,"column":24},"end":{"line":35,"column":26}},"11":{"start":{"line":36,"column":27},"end":{"line":36,"column":55}},"12":{"start":{"line":37,"column":4},"end":{"line":43,"column":5}},"13":{"start":{"line":38,"column":6},"end":{"line":38,"column":40}},"14":{"start":{"line":39,"column":11},"end":{"line":43,"column":5}},"15":{"start":{"line":40,"column":6},"end":{"line":40,"column":40}},"16":{"start":{"line":42,"column":6},"end":{"line":42,"column":19}},"17":{"start":{"line":45,"column":2},"end":{"line":47,"column":32}},"18":{"start":{"line":46,"column":4},"end":{"line":46,"column":17}},"19":{"start":{"line":49,"column":20},"end":{"line":72,"column":3}},"20":{"start":{"line":50,"column":4},"end":{"line":68,"column":5}},"21":{"start":{"line":51,"column":6},"end":{"line":58,"column":44}},"22":{"start":{"line":58,"column":20},"end":{"line":58,"column":42}},"23":{"start":{"line":59,"column":11},"end":{"line":68,"column":5}},"24":{"start":{"line":60,"column":6},"end":{"line":67,"column":44}},"25":{"start":{"line":67,"column":20},"end":{"line":67,"column":42}},"26":{"start":{"line":69,"column":4},"end":{"line":71,"column":5}},"27":{"start":{"line":70,"column":6},"end":{"line":70,"column":47}},"28":{"start":{"line":70,"column":30},"end":{"line":70,"column":45}},"29":{"start":{"line":73,"column":24},"end":{"line":75,"column":3}},"30":{"start":{"line":74,"column":4},"end":{"line":74,"column":45}},"31":{"start":{"line":74,"column":28},"end":{"line":74,"column":43}},"32":{"start":{"line":77,"column":2},"end":{"line":138,"column":4}},"33":{"start":{"line":95,"column":51},"end":{"line":95,"column":71}},"34":{"start":{"line":102,"column":51},"end":{"line":102,"column":71}},"35":{"start":{"line":114,"column":42},"end":{"line":114,"column":55}},"36":{"start":{"line":141,"column":15},"end":{"line":208,"column":2}}},"fnMap":{"0":{"name":"ModalButton","decl":{"start":{"line":21,"column":16},"end":{"line":21,"column":27}},"loc":{"start":{"line":21,"column":54},"end":{"line":139,"column":1}},"line":21},"1":{"name":"(anonymous_1)","decl":{"start":{"line":30,"column":20},"end":{"line":30,"column":21}},"loc":{"start":{"line":30,"column":26},"end":{"line":32,"column":3}},"line":30},"2":{"name":"(anonymous_2)","decl":{"start":{"line":34,"column":33},"end":{"line":34,"column":34}},"loc":{"start":{"line":34,"column":39},"end":{"line":44,"column":3}},"line":34},"3":{"name":"(anonymous_3)","decl":{"start":{"line":45,"column":12},"end":{"line":45,"column":13}},"loc":{"start":{"line":45,"column":18},"end":{"line":47,"column":3}},"line":45},"4":{"name":"(anonymous_4)","decl":{"start":{"line":49,"column":20},"end":{"line":49,"column":21}},"loc":{"start":{"line":49,"column":26},"end":{"line":72,"column":3}},"line":49},"5":{"name":"(anonymous_5)","decl":{"start":{"line":58,"column":14},"end":{"line":58,"column":15}},"loc":{"start":{"line":58,"column":20},"end":{"line":58,"column":42}},"line":58},"6":{"name":"(anonymous_6)","decl":{"start":{"line":67,"column":14},"end":{"line":67,"column":15}},"loc":{"start":{"line":67,"column":20},"end":{"line":67,"column":42}},"line":67},"7":{"name":"(anonymous_7)","decl":{"start":{"line":70,"column":24},"end":{"line":70,"column":25}},"loc":{"start":{"line":70,"column":30},"end":{"line":70,"column":45}},"line":70},"8":{"name":"(anonymous_8)","decl":{"start":{"line":73,"column":24},"end":{"line":73,"column":25}},"loc":{"start":{"line":73,"column":30},"end":{"line":75,"column":3}},"line":73},"9":{"name":"(anonymous_9)","decl":{"start":{"line":74,"column":22},"end":{"line":74,"column":23}},"loc":{"start":{"line":74,"column":28},"end":{"line":74,"column":43}},"line":74},"10":{"name":"(anonymous_10)","decl":{"start":{"line":95,"column":45},"end":{"line":95,"column":46}},"loc":{"start":{"line":95,"column":51},"end":{"line":95,"column":71}},"line":95},"11":{"name":"(anonymous_11)","decl":{"start":{"line":102,"column":45},"end":{"line":102,"column":46}},"loc":{"start":{"line":102,"column":51},"end":{"line":102,"column":71}},"line":102},"12":{"name":"(anonymous_12)","decl":{"start":{"line":114,"column":34},"end":{"line":114,"column":35}},"loc":{"start":{"line":114,"column":42},"end":{"line":114,"column":55}},"line":114}},"branchMap":{"0":{"loc":{"start":{"line":37,"column":4},"end":{"line":43,"column":5}},"type":"if","locations":[{"start":{"line":37,"column":4},"end":{"line":43,"column":5}},{"start":{"line":39,"column":11},"end":{"line":43,"column":5}}],"line":37},"1":{"loc":{"start":{"line":39,"column":11},"end":{"line":43,"column":5}},"type":"if","locations":[{"start":{"line":39,"column":11},"end":{"line":43,"column":5}},{"start":{"line":41,"column":11},"end":{"line":43,"column":5}}],"line":39},"2":{"loc":{"start":{"line":50,"column":4},"end":{"line":68,"column":5}},"type":"if","locations":[{"start":{"line":50,"column":4},"end":{"line":68,"column":5}},{"start":{"line":59,"column":11},"end":{"line":68,"column":5}}],"line":50},"3":{"loc":{"start":{"line":50,"column":8},"end":{"line":50,"column":38}},"type":"binary-expr","locations":[{"start":{"line":50,"column":8},"end":{"line":50,"column":28}},{"start":{"line":50,"column":32},"end":{"line":50,"column":38}}],"line":50},"4":{"loc":{"start":{"line":59,"column":11},"end":{"line":68,"column":5}},"type":"if","locations":[{"start":{"line":59,"column":11},"end":{"line":68,"column":5}},{"start":{},"end":{}}],"line":59},"5":{"loc":{"start":{"line":59,"column":15},"end":{"line":59,"column":45}},"type":"binary-expr","locations":[{"start":{"line":59,"column":15},"end":{"line":59,"column":35}},{"start":{"line":59,"column":39},"end":{"line":59,"column":45}}],"line":59},"6":{"loc":{"start":{"line":69,"column":4},"end":{"line":71,"column":5}},"type":"if","locations":[{"start":{"line":69,"column":4},"end":{"line":71,"column":5}},{"start":{},"end":{}}],"line":69},"7":{"loc":{"start":{"line":117,"column":17},"end":{"line":117,"column":67}},"type":"binary-expr","locations":[{"start":{"line":117,"column":17},"end":{"line":117,"column":22}},{"start":{"line":117,"column":26},"end":{"line":117,"column":67}}],"line":117}},"s":{"0":1,"1":1,"2":1,"3":1,"4":1,"5":1,"6":1,"7":1,"8":0,"9":1,"10":1,"11":1,"12":1,"13":0,"14":1,"15":0,"16":1,"17":1,"18":1,"19":1,"20":0,"21":0,"22":0,"23":0,"24":0,"25":0,"26":0,"27":0,"28":0,"29":1,"30":0,"31":0,"32":1,"33":0,"34":0,"35":0,"36":1},"f":{"0":1,"1":0,"2":1,"3":1,"4":0,"5":0,"6":0,"7":0,"8":0,"9":0,"10":0,"11":0,"12":0},"b":{"0":[0,1],"1":[0,1],"2":[0,0],"3":[0,0],"4":[0,0],"5":[0,0],"6":[0,0],"7":[1,0]},"_coverageSchema":"1a1c01bbd47fc00a2c39e90264f33305004495a9","hash":"7cf99cbd2fc211496c7b649fb935b2f7b8ecb9be"}
,"/Users/cyrocosta/Black-Wallet/src/component/chart/chart.tsx": {"path":"/Users/cyrocosta/Black-Wallet/src/component/chart/chart.tsx","statementMap":{"0":{"start":{"line":18,"column":15},"end":{"line":18,"column":25}},"1":{"start":{"line":19,"column":26},"end":{"line":19,"column":41}},"2":{"start":{"line":20,"column":21},"end":{"line":20,"column":43}},"3":{"start":{"line":21,"column":17},"end":{"line":21,"column":38}},"4":{"start":{"line":22,"column":16},"end":{"line":22,"column":36}},"5":{"start":{"line":23,"column":21},"end":{"line":23,"column":40}},"6":{"start":{"line":24,"column":16},"end":{"line":24,"column":35}},"7":{"start":{"line":25,"column":14},"end":{"line":25,"column":28}},"8":{"start":{"line":26,"column":20},"end":{"line":26,"column":51}},"9":{"start":{"line":27,"column":15},"end":{"line":34,"column":3}},"10":{"start":{"line":36,"column":14},"end":{"line":42,"column":3}},"11":{"start":{"line":44,"column":30},"end":{"line":44,"column":62}},"12":{"start":{"line":45,"column":38},"end":{"line":45,"column":60}},"13":{"start":{"line":46,"column":30},"end":{"line":46,"column":53}},"14":{"start":{"line":47,"column":26},"end":{"line":47,"column":53}},"15":{"start":{"line":48,"column":22},"end":{"line":48,"column":24}},"16":{"start":{"line":49,"column":22},"end":{"line":63,"column":3}},"17":{"start":{"line":50,"column":4},"end":{"line":62,"column":5}},"18":{"start":{"line":51,"column":22},"end":{"line":51,"column":79}},"19":{"start":{"line":52,"column":6},"end":{"line":52,"column":38}},"20":{"start":{"line":53,"column":11},"end":{"line":62,"column":5}},"21":{"start":{"line":55,"column":8},"end":{"line":55,"column":69}},"22":{"start":{"line":56,"column":6},"end":{"line":56,"column":38}},"23":{"start":{"line":57,"column":11},"end":{"line":62,"column":5}},"24":{"start":{"line":59,"column":8},"end":{"line":60,"column":45}},"25":{"start":{"line":61,"column":6},"end":{"line":61,"column":38}},"26":{"start":{"line":65,"column":23},"end":{"line":77,"column":3}},"27":{"start":{"line":66,"column":4},"end":{"line":66,"column":25}},"28":{"start":{"line":67,"column":4},"end":{"line":76,"column":5}},"29":{"start":{"line":68,"column":6},"end":{"line":68,"column":30}},"30":{"start":{"line":69,"column":6},"end":{"line":69,"column":29}},"31":{"start":{"line":70,"column":11},"end":{"line":76,"column":5}},"32":{"start":{"line":71,"column":6},"end":{"line":71,"column":30}},"33":{"start":{"line":72,"column":6},"end":{"line":72,"column":30}},"34":{"start":{"line":73,"column":11},"end":{"line":76,"column":5}},"35":{"start":{"line":74,"column":6},"end":{"line":74,"column":31}},"36":{"start":{"line":75,"column":6},"end":{"line":75,"column":40}},"37":{"start":{"line":78,"column":24},"end":{"line":80,"column":3}},"38":{"start":{"line":82,"column":2},"end":{"line":92,"column":27}},"39":{"start":{"line":83,"column":4},"end":{"line":91,"column":5}},"40":{"start":{"line":84,"column":6},"end":{"line":90,"column":54}},"41":{"start":{"line":90,"column":20},"end":{"line":90,"column":52}},"42":{"start":{"line":94,"column":2},"end":{"line":98,"column":13}},"43":{"start":{"line":95,"column":4},"end":{"line":97,"column":5}},"44":{"start":{"line":96,"column":6},"end":{"line":96,"column":29}},"45":{"start":{"line":100,"column":18},"end":{"line":100,"column":21}},"46":{"start":{"line":101,"column":23},"end":{"line":101,"column":32}},"47":{"start":{"line":102,"column":2},"end":{"line":162,"column":4}},"48":{"start":{"line":124,"column":14},"end":{"line":126,"column":49}},"49":{"start":{"line":127,"column":41},"end":{"line":127,"column":74}},"50":{"start":{"line":144,"column":43},"end":{"line":144,"column":65}},"51":{"start":{"line":149,"column":43},"end":{"line":149,"column":66}},"52":{"start":{"line":154,"column":43},"end":{"line":154,"column":65}}},"fnMap":{"0":{"name":"Chart","decl":{"start":{"line":17,"column":16},"end":{"line":17,"column":21}},"loc":{"start":{"line":17,"column":62},"end":{"line":163,"column":1}},"line":17},"1":{"name":"(anonymous_1)","decl":{"start":{"line":49,"column":22},"end":{"line":49,"column":23}},"loc":{"start":{"line":49,"column":43},"end":{"line":63,"column":3}},"line":49},"2":{"name":"(anonymous_2)","decl":{"start":{"line":65,"column":23},"end":{"line":65,"column":24}},"loc":{"start":{"line":65,"column":44},"end":{"line":77,"column":3}},"line":65},"3":{"name":"(anonymous_3)","decl":{"start":{"line":82,"column":12},"end":{"line":82,"column":13}},"loc":{"start":{"line":82,"column":18},"end":{"line":92,"column":3}},"line":82},"4":{"name":"(anonymous_4)","decl":{"start":{"line":90,"column":14},"end":{"line":90,"column":15}},"loc":{"start":{"line":90,"column":20},"end":{"line":90,"column":52}},"line":90},"5":{"name":"(anonymous_5)","decl":{"start":{"line":94,"column":12},"end":{"line":94,"column":13}},"loc":{"start":{"line":94,"column":18},"end":{"line":98,"column":3}},"line":94},"6":{"name":"(anonymous_6)","decl":{"start":{"line":123,"column":19},"end":{"line":123,"column":20}},"loc":{"start":{"line":124,"column":14},"end":{"line":126,"column":49}},"line":124},"7":{"name":"(anonymous_7)","decl":{"start":{"line":127,"column":24},"end":{"line":127,"column":25}},"loc":{"start":{"line":127,"column":41},"end":{"line":127,"column":74}},"line":127},"8":{"name":"(anonymous_8)","decl":{"start":{"line":144,"column":37},"end":{"line":144,"column":38}},"loc":{"start":{"line":144,"column":43},"end":{"line":144,"column":65}},"line":144},"9":{"name":"(anonymous_9)","decl":{"start":{"line":149,"column":37},"end":{"line":149,"column":38}},"loc":{"start":{"line":149,"column":43},"end":{"line":149,"column":66}},"line":149},"10":{"name":"(anonymous_10)","decl":{"start":{"line":154,"column":37},"end":{"line":154,"column":38}},"loc":{"start":{"line":154,"column":43},"end":{"line":154,"column":65}},"line":154}},"branchMap":{"0":{"loc":{"start":{"line":50,"column":4},"end":{"line":62,"column":5}},"type":"if","locations":[{"start":{"line":50,"column":4},"end":{"line":62,"column":5}},{"start":{"line":53,"column":11},"end":{"line":62,"column":5}}],"line":50},"1":{"loc":{"start":{"line":53,"column":11},"end":{"line":62,"column":5}},"type":"if","locations":[{"start":{"line":53,"column":11},"end":{"line":62,"column":5}},{"start":{"line":57,"column":11},"end":{"line":62,"column":5}}],"line":53},"2":{"loc":{"start":{"line":57,"column":11},"end":{"line":62,"column":5}},"type":"if","locations":[{"start":{"line":57,"column":11},"end":{"line":62,"column":5}},{"start":{},"end":{}}],"line":57},"3":{"loc":{"start":{"line":67,"column":4},"end":{"line":76,"column":5}},"type":"if","locations":[{"start":{"line":67,"column":4},"end":{"line":76,"column":5}},{"start":{"line":70,"column":11},"end":{"line":76,"column":5}}],"line":67},"4":{"loc":{"start":{"line":70,"column":11},"end":{"line":76,"column":5}},"type":"if","locations":[{"start":{"line":70,"column":11},"end":{"line":76,"column":5}},{"start":{"line":73,"column":11},"end":{"line":76,"column":5}}],"line":70},"5":{"loc":{"start":{"line":73,"column":11},"end":{"line":76,"column":5}},"type":"if","locations":[{"start":{"line":73,"column":11},"end":{"line":76,"column":5}},{"start":{},"end":{}}],"line":73},"6":{"loc":{"start":{"line":79,"column":4},"end":{"line":79,"column":74}},"type":"binary-expr","locations":[{"start":{"line":79,"column":4},"end":{"line":79,"column":8}},{"start":{"line":79,"column":12},"end":{"line":79,"column":53}},{"start":{"line":79,"column":57},"end":{"line":79,"column":74}}],"line":79},"7":{"loc":{"start":{"line":83,"column":4},"end":{"line":91,"column":5}},"type":"if","locations":[{"start":{"line":83,"column":4},"end":{"line":91,"column":5}},{"start":{},"end":{}}],"line":83},"8":{"loc":{"start":{"line":95,"column":4},"end":{"line":97,"column":5}},"type":"if","locations":[{"start":{"line":95,"column":4},"end":{"line":97,"column":5}},{"start":{},"end":{}}],"line":95},"9":{"loc":{"start":{"line":110,"column":22},"end":{"line":110,"column":51}},"type":"cond-expr","locations":[{"start":{"line":110,"column":35},"end":{"line":110,"column":45}},{"start":{"line":110,"column":48},"end":{"line":110,"column":51}}],"line":110},"10":{"loc":{"start":{"line":123,"column":20},"end":{"line":123,"column":31}},"type":"default-arg","locations":[{"start":{"line":123,"column":30},"end":{"line":123,"column":31}}],"line":123},"11":{"loc":{"start":{"line":124,"column":14},"end":{"line":126,"column":49}},"type":"cond-expr","locations":[{"start":{"line":125,"column":18},"end":{"line":125,"column":49}},{"start":{"line":126,"column":18},"end":{"line":126,"column":49}}],"line":124},"12":{"loc":{"start":{"line":127,"column":25},"end":{"line":127,"column":36}},"type":"default-arg","locations":[{"start":{"line":127,"column":35},"end":{"line":127,"column":36}}],"line":127}},"s":{"0":1,"1":1,"2":1,"3":1,"4":1,"5":1,"6":1,"7":1,"8":1,"9":1,"10":1,"11":1,"12":1,"13":1,"14":1,"15":1,"16":1,"17":0,"18":0,"19":0,"20":0,"21":0,"22":0,"23":0,"24":0,"25":0,"26":1,"27":0,"28":0,"29":0,"30":0,"31":0,"32":0,"33":0,"34":0,"35":0,"36":0,"37":1,"38":1,"39":1,"40":0,"41":0,"42":1,"43":1,"44":0,"45":1,"46":1,"47":1,"48":7,"49":2,"50":0,"51":0,"52":0},"f":{"0":1,"1":0,"2":0,"3":1,"4":0,"5":1,"6":7,"7":2,"8":0,"9":0,"10":0},"b":{"0":[0,0],"1":[0,0],"2":[0,0],"3":[0,0],"4":[0,0],"5":[0,0],"6":[1,0,0],"7":[0,1],"8":[0,1],"9":[0,1],"10":[0],"11":[7,0],"12":[0]},"_coverageSchema":"1a1c01bbd47fc00a2c39e90264f33305004495a9","hash":"b72cf830a77f5b4ddfe2097567b2d46864501100"}
,"/Users/cyrocosta/Black-Wallet/src/component/chart/functions/chartFunctions.ts": {"path":"/Users/cyrocosta/Black-Wallet/src/component/chart/functions/chartFunctions.ts","statementMap":{"0":{"start":{"line":1,"column":13},"end":{"line":14,"column":1}},"1":{"start":{"line":16,"column":13},"end":{"line":16,"column":34}},"2":{"start":{"line":18,"column":2},"end":{"line":18,"column":24}},"3":{"start":{"line":21,"column":28},"end":{"line":72,"column":1}},"4":{"start":{"line":29,"column":27},"end":{"line":29,"column":29}},"5":{"start":{"line":30,"column":23},"end":{"line":30,"column":25}},"6":{"start":{"line":31,"column":22},"end":{"line":31,"column":24}},"7":{"start":{"line":32,"column":17},"end":{"line":32,"column":18}},"8":{"start":{"line":33,"column":30},"end":{"line":33,"column":68}},"9":{"start":{"line":35,"column":2},"end":{"line":41,"column":3}},"10":{"start":{"line":35,"column":15},"end":{"line":35,"column":30}},"11":{"start":{"line":36,"column":4},"end":{"line":40,"column":5}},"12":{"start":{"line":37,"column":6},"end":{"line":37,"column":34}},"13":{"start":{"line":39,"column":6},"end":{"line":39,"column":29}},"14":{"start":{"line":42,"column":2},"end":{"line":51,"column":3}},"15":{"start":{"line":42,"column":15},"end":{"line":42,"column":16}},"16":{"start":{"line":43,"column":21},"end":{"line":43,"column":38}},"17":{"start":{"line":44,"column":4},"end":{"line":50,"column":5}},"18":{"start":{"line":45,"column":6},"end":{"line":45,"column":39}},"19":{"start":{"line":47,"column":6},"end":{"line":49,"column":8}},"20":{"start":{"line":52,"column":2},"end":{"line":63,"column":3}},"21":{"start":{"line":52,"column":15},"end":{"line":52,"column":24}},"22":{"start":{"line":53,"column":20},"end":{"line":53,"column":40}},"23":{"start":{"line":54,"column":4},"end":{"line":60,"column":5}},"24":{"start":{"line":55,"column":6},"end":{"line":55,"column":37}},"25":{"start":{"line":57,"column":6},"end":{"line":59,"column":8}},"26":{"start":{"line":62,"column":4},"end":{"line":62,"column":15}},"27":{"start":{"line":64,"column":2},"end":{"line":64,"column":47}},"28":{"start":{"line":66,"column":2},"end":{"line":71,"column":4}}},"fnMap":{"0":{"name":"daysOnMonth","decl":{"start":{"line":15,"column":9},"end":{"line":15,"column":20}},"loc":{"start":{"line":15,"column":47},"end":{"line":19,"column":1}},"line":15},"1":{"name":"(anonymous_1)","decl":{"start":{"line":21,"column":28},"end":{"line":21,"column":29}},"loc":{"start":{"line":28,"column":5},"end":{"line":72,"column":1}},"line":28}},"branchMap":{"0":{"loc":{"start":{"line":36,"column":4},"end":{"line":40,"column":5}},"type":"if","locations":[{"start":{"line":36,"column":4},"end":{"line":40,"column":5}},{"start":{"line":38,"column":11},"end":{"line":40,"column":5}}],"line":36},"1":{"loc":{"start":{"line":44,"column":4},"end":{"line":50,"column":5}},"type":"if","locations":[{"start":{"line":44,"column":4},"end":{"line":50,"column":5}},{"start":{"line":46,"column":11},"end":{"line":50,"column":5}}],"line":44},"2":{"loc":{"start":{"line":54,"column":4},"end":{"line":60,"column":5}},"type":"if","locations":[{"start":{"line":54,"column":4},"end":{"line":60,"column":5}},{"start":{"line":56,"column":11},"end":{"line":60,"column":5}}],"line":54}},"s":{"0":1,"1":0,"2":0,"3":1,"4":1,"5":1,"6":1,"7":1,"8":1,"9":1,"10":1,"11":6,"12":5,"13":1,"14":1,"15":1,"16":0,"17":0,"18":0,"19":0,"20":1,"21":1,"22":0,"23":0,"24":0,"25":0,"26":0,"27":1,"28":1},"f":{"0":0,"1":1},"b":{"0":[5,1],"1":[0,0],"2":[0,0]},"_coverageSchema":"1a1c01bbd47fc00a2c39e90264f33305004495a9","hash":"8b19e81fd856aad431099bfd6d54277c80065323"}
,"/Users/cyrocosta/Black-Wallet/src/component/client/queries/queries.ts": {"path":"/Users/cyrocosta/Black-Wallet/src/component/client/queries/queries.ts","statementMap":{"0":{"start":{"line":3,"column":27},"end":{"line":12,"column":1}},"1":{"start":{"line":14,"column":27},"end":{"line":36,"column":1}},"2":{"start":{"line":38,"column":32},"end":{"line":42,"column":1}},"3":{"start":{"line":44,"column":32},"end":{"line":48,"column":1}},"4":{"start":{"line":50,"column":40},"end":{"line":66,"column":1}},"5":{"start":{"line":68,"column":30},"end":{"line":72,"column":1}},"6":{"start":{"line":74,"column":29},"end":{"line":78,"column":1}}},"fnMap":{},"branchMap":{},"s":{"0":3,"1":3,"2":3,"3":3,"4":3,"5":3,"6":3},"f":{},"b":{},"_coverageSchema":"1a1c01bbd47fc00a2c39e90264f33305004495a9","hash":"25558eb74e1299143530df52d15536f5e839cbf1"}
,"/Users/cyrocosta/Black-Wallet/src/component/hooks/useGetBalance.ts": {"path":"/Users/cyrocosta/Black-Wallet/src/component/hooks/useGetBalance.ts","statementMap":{"0":{"start":{"line":5,"column":29},"end":{"line":14,"column":1}},"1":{"start":{"line":6,"column":42},"end":{"line":11,"column":4}},"2":{"start":{"line":13,"column":2},"end":{"line":13,"column":41}}},"fnMap":{"0":{"name":"(anonymous_0)","decl":{"start":{"line":5,"column":29},"end":{"line":5,"column":30}},"loc":{"start":{"line":5,"column":35},"end":{"line":14,"column":1}},"line":5}},"branchMap":{},"s":{"0":1,"1":1,"2":1},"f":{"0":1},"b":{},"_coverageSchema":"1a1c01bbd47fc00a2c39e90264f33305004495a9","hash":"0faee0bf411fa95a3a40fdb9421535379a6c281c"}
,"/Users/cyrocosta/Black-Wallet/src/component/hooks/useGetWallets.ts": {"path":"/Users/cyrocosta/Black-Wallet/src/component/hooks/useGetWallets.ts","statementMap":{"0":{"start":{"line":5,"column":29},"end":{"line":16,"column":1}},"1":{"start":{"line":6,"column":42},"end":{"line":13,"column":4}},"2":{"start":{"line":15,"column":2},"end":{"line":15,"column":41}}},"fnMap":{"0":{"name":"(anonymous_0)","decl":{"start":{"line":5,"column":29},"end":{"line":5,"column":30}},"loc":{"start":{"line":5,"column":35},"end":{"line":16,"column":1}},"line":5}},"branchMap":{},"s":{"0":1,"1":1,"2":1},"f":{"0":1},"b":{},"_coverageSchema":"1a1c01bbd47fc00a2c39e90264f33305004495a9","hash":"1b972bd5a6563f855e85fe82e5dfff220650656d"}
,"/Users/cyrocosta/Black-Wallet/src/component/services/HardwareServices.ts": {"path":"/Users/cyrocosta/Black-Wallet/src/component/services/HardwareServices.ts","statementMap":{"0":{"start":{"line":4,"column":2},"end":{"line":10,"column":3}},"1":{"start":{"line":5,"column":17},"end":{"line":5,"column":58}},"2":{"start":{"line":7,"column":4},"end":{"line":7,"column":25}},"3":{"start":{"line":9,"column":4},"end":{"line":9,"column":17}}},"fnMap":{"0":{"name":"isDeviceConnected","decl":{"start":{"line":3,"column":22},"end":{"line":3,"column":39}},"loc":{"start":{"line":3,"column":42},"end":{"line":11,"column":1}},"line":3}},"branchMap":{},"s":{"0":3,"1":3,"2":2,"3":0},"f":{"0":3},"b":{},"_coverageSchema":"1a1c01bbd47fc00a2c39e90264f33305004495a9","hash":"e0b0294a5338dee26bce31c7a8e5b8a5f60c519b"}
,"/Users/cyrocosta/Black-Wallet/src/component/services/WebServices.ts": {"path":"/Users/cyrocosta/Black-Wallet/src/component/services/WebServices.ts","statementMap":{"0":{"start":{"line":5,"column":18},"end":{"line":5,"column":19}},"1":{"start":{"line":6,"column":2},"end":{"line":29,"column":3}},"2":{"start":{"line":7,"column":25},"end":{"line":7,"column":68}},"3":{"start":{"line":8,"column":21},"end":{"line":8,"column":50}},"4":{"start":{"line":9,"column":24},"end":{"line":9,"column":50}},"5":{"start":{"line":10,"column":4},"end":{"line":12,"column":6}},"6":{"start":{"line":11,"column":31},"end":{"line":11,"column":62}},"7":{"start":{"line":14,"column":4},"end":{"line":14,"column":65}},"8":{"start":{"line":15,"column":9},"end":{"line":29,"column":3}},"9":{"start":{"line":17,"column":6},"end":{"line":17,"column":75}},"10":{"start":{"line":18,"column":21},"end":{"line":22,"column":6}},"11":{"start":{"line":23,"column":19},"end":{"line":25,"column":5}},"12":{"start":{"line":24,"column":34},"end":{"line":24,"column":54}},"13":{"start":{"line":26,"column":20},"end":{"line":26,"column":66}},"14":{"start":{"line":28,"column":4},"end":{"line":28,"column":21}}},"fnMap":{"0":{"name":"CoinPrice","decl":{"start":{"line":4,"column":22},"end":{"line":4,"column":31}},"loc":{"start":{"line":4,"column":46},"end":{"line":30,"column":1}},"line":4},"1":{"name":"(anonymous_1)","decl":{"start":{"line":11,"column":6},"end":{"line":11,"column":7}},"loc":{"start":{"line":11,"column":31},"end":{"line":11,"column":62}},"line":11},"2":{"name":"(anonymous_2)","decl":{"start":{"line":24,"column":6},"end":{"line":24,"column":7}},"loc":{"start":{"line":24,"column":34},"end":{"line":24,"column":54}},"line":24}},"branchMap":{"0":{"loc":{"start":{"line":6,"column":2},"end":{"line":29,"column":3}},"type":"if","locations":[{"start":{"line":6,"column":2},"end":{"line":29,"column":3}},{"start":{"line":15,"column":9},"end":{"line":29,"column":3}}],"line":6},"1":{"loc":{"start":{"line":15,"column":9},"end":{"line":29,"column":3}},"type":"if","locations":[{"start":{"line":15,"column":9},"end":{"line":29,"column":3}},{"start":{},"end":{}}],"line":15}},"s":{"0":4,"1":4,"2":4,"3":4,"4":4,"5":4,"6":24,"7":4,"8":0,"9":0,"10":0,"11":0,"12":0,"13":0,"14":0},"f":{"0":4,"1":24,"2":0},"b":{"0":[4,0],"1":[0,0]},"_coverageSchema":"1a1c01bbd47fc00a2c39e90264f33305004495a9","hash":"3accee7292c610b3925a972f7c9db830d752c43e"}
,"/Users/cyrocosta/Black-Wallet/src/component/strings/pt-br.js": {"path":"/Users/cyrocosta/Black-Wallet/src/component/strings/pt-br.js","statementMap":{"0":{"start":{"line":1,"column":20},"end":{"line":4,"column":1}},"1":{"start":{"line":6,"column":26},"end":{"line":13,"column":1}},"2":{"start":{"line":15,"column":29},"end":{"line":36,"column":1}},"3":{"start":{"line":38,"column":22},"end":{"line":40,"column":1}},"4":{"start":{"line":42,"column":27},"end":{"line":50,"column":1}}},"fnMap":{},"branchMap":{},"s":{"0":3,"1":3,"2":3,"3":3,"4":3},"f":{},"b":{},"_coverageSchema":"1a1c01bbd47fc00a2c39e90264f33305004495a9","hash":"782a916fc1fc28dc7b9bbb9acb04626840f4cf08"}
,"/Users/cyrocosta/Black-Wallet/src/component/styles/styles.js": {"path":"/Users/cyrocosta/Black-Wallet/src/component/styles/styles.js","statementMap":{"0":{"start":{"line":3,"column":25},"end":{"line":9,"column":1}},"1":{"start":{"line":11,"column":35},"end":{"line":20,"column":1}},"2":{"start":{"line":22,"column":27},"end":{"line":35,"column":1}},"3":{"start":{"line":36,"column":33},"end":{"line":49,"column":1}},"4":{"start":{"line":51,"column":36},"end":{"line":58,"column":1}},"5":{"start":{"line":59,"column":31},"end":{"line":65,"column":1}},"6":{"start":{"line":67,"column":21},"end":{"line":70,"column":1}},"7":{"start":{"line":71,"column":27},"end":{"line":75,"column":1}},"8":{"start":{"line":76,"column":27},"end":{"line":82,"column":1}},"9":{"start":{"line":84,"column":35},"end":{"line":91,"column":1}},"10":{"start":{"line":93,"column":26},"end":{"line":96,"column":1}},"11":{"start":{"line":98,"column":28},"end":{"line":101,"column":1}},"12":{"start":{"line":102,"column":24},"end":{"line":109,"column":1}},"13":{"start":{"line":111,"column":26},"end":{"line":116,"column":1}},"14":{"start":{"line":118,"column":24},"end":{"line":127,"column":1}},"15":{"start":{"line":129,"column":25},"end":{"line":136,"column":1}},"16":{"start":{"line":138,"column":24},"end":{"line":144,"column":1}}},"fnMap":{},"branchMap":{},"s":{"0":3,"1":3,"2":3,"3":3,"4":3,"5":3,"6":3,"7":3,"8":3,"9":3,"10":3,"11":3,"12":3,"13":3,"14":3,"15":3,"16":3},"f":{},"b":{},"_coverageSchema":"1a1c01bbd47fc00a2c39e90264f33305004495a9","hash":"76b79ba7368f469f5c49131e1f2f0fd38fb4e109"}
,"/Users/cyrocosta/Black-Wallet/src/component/utils/functions/Format.ts": {"path":"/Users/cyrocosta/Black-Wallet/src/component/utils/functions/Format.ts","statementMap":{"0":{"start":{"line":1,"column":31},"end":{"line":8,"column":1}},"1":{"start":{"line":2,"column":21},"end":{"line":2,"column":34}},"2":{"start":{"line":3,"column":17},"end":{"line":3,"column":47}},"3":{"start":{"line":4,"column":18},"end":{"line":6,"column":11}},"4":{"start":{"line":7,"column":2},"end":{"line":7,"column":42}}},"fnMap":{"0":{"name":"(anonymous_0)","decl":{"start":{"line":1,"column":31},"end":{"line":1,"column":32}},"loc":{"start":{"line":1,"column":50},"end":{"line":8,"column":1}},"line":1}},"branchMap":{"0":{"loc":{"start":{"line":4,"column":18},"end":{"line":6,"column":11}},"type":"cond-expr","locations":[{"start":{"line":5,"column":6},"end":{"line":5,"column":76}},{"start":{"line":6,"column":6},"end":{"line":6,"column":11}}],"line":4}},"s":{"0":1,"1":0,"2":0,"3":0,"4":0},"f":{"0":0},"b":{"0":[0,0]},"_coverageSchema":"1a1c01bbd47fc00a2c39e90264f33305004495a9","hash":"0c188bca97957719b10e2ae45308818f1ec33bd7"}
,"/Users/cyrocosta/Black-Wallet/src/component/walletCard/WalletCard.tsx": {"path":"/Users/cyrocosta/Black-Wallet/src/component/walletCard/WalletCard.tsx","statementMap":{"0":{"start":{"line":27,"column":21},"end":{"line":27,"column":68}},"1":{"start":{"line":28,"column":21},"end":{"line":28,"column":69}},"2":{"start":{"line":28,"column":42},"end":{"line":28,"column":68}},"3":{"start":{"line":29,"column":22},"end":{"line":29,"column":41}},"4":{"start":{"line":30,"column":24},"end":{"line":30,"column":45}},"5":{"start":{"line":31,"column":2},"end":{"line":71,"column":4}},"6":{"start":{"line":35,"column":8},"end":{"line":40,"column":10}},"7":{"start":{"line":74,"column":15},"end":{"line":86,"column":2}}},"fnMap":{"0":{"name":"WalletCard","decl":{"start":{"line":16,"column":16},"end":{"line":16,"column":26}},"loc":{"start":{"line":26,"column":3},"end":{"line":72,"column":1}},"line":26},"1":{"name":"(anonymous_1)","decl":{"start":{"line":28,"column":32},"end":{"line":28,"column":33}},"loc":{"start":{"line":28,"column":42},"end":{"line":28,"column":68}},"line":28},"2":{"name":"(anonymous_2)","decl":{"start":{"line":34,"column":15},"end":{"line":34,"column":16}},"loc":{"start":{"line":35,"column":8},"end":{"line":40,"column":10}},"line":35}},"branchMap":{"0":{"loc":{"start":{"line":43,"column":9},"end":{"line":48,"column":9}},"type":"binary-expr","locations":[{"start":{"line":43,"column":9},"end":{"line":43,"column":23}},{"start":{"line":44,"column":10},"end":{"line":47,"column":12}}],"line":43},"1":{"loc":{"start":{"line":49,"column":9},"end":{"line":54,"column":9}},"type":"binary-expr","locations":[{"start":{"line":49,"column":9},"end":{"line":49,"column":23}},{"start":{"line":50,"column":10},"end":{"line":53,"column":12}}],"line":49},"2":{"loc":{"start":{"line":58,"column":11},"end":{"line":62,"column":11}},"type":"binary-expr","locations":[{"start":{"line":58,"column":11},"end":{"line":58,"column":24}},{"start":{"line":59,"column":12},"end":{"line":61,"column":26}}],"line":58}},"s":{"0":0,"1":0,"2":0,"3":0,"4":0,"5":0,"6":0,"7":1},"f":{"0":0,"1":0,"2":0},"b":{"0":[0,0],"1":[0,0],"2":[0,0]},"_coverageSchema":"1a1c01bbd47fc00a2c39e90264f33305004495a9","hash":"cd9551bf58c6c3ecdcb29ddf419c02b18c63aa72"}
,"/Users/cyrocosta/Black-Wallet/src/contexts/auth.tsx": {"path":"/Users/cyrocosta/Black-Wallet/src/contexts/auth.tsx","statementMap":{"0":{"start":{"line":6,"column":27},"end":{"line":9,"column":2}},"1":{"start":{"line":12,"column":34},"end":{"line":12,"column":49}},"2":{"start":{"line":13,"column":2},"end":{"line":17,"column":4}}},"fnMap":{"0":{"name":"(anonymous_0)","decl":{"start":{"line":8,"column":15},"end":{"line":8,"column":16}},"loc":{"start":{"line":8,"column":21},"end":{"line":8,"column":23}},"line":8},"1":{"name":"AuthProvider","decl":{"start":{"line":11,"column":9},"end":{"line":11,"column":21}},"loc":{"start":{"line":11,"column":63},"end":{"line":18,"column":1}},"line":11}},"branchMap":{},"s":{"0":2,"1":0,"2":0},"f":{"0":0,"1":0},"b":{},"_coverageSchema":"1a1c01bbd47fc00a2c39e90264f33305004495a9","hash":"732c74b264ee9ad25caa1378f9de9b4d274a56aa"}
,"/Users/cyrocosta/Black-Wallet/src/screen/HomeScreen/home.tsx": {"path":"/Users/cyrocosta/Black-Wallet/src/screen/HomeScreen/home.tsx","statementMap":{"0":{"start":{"line":14,"column":21},"end":{"line":14,"column":44}},"1":{"start":{"line":15,"column":22},"end":{"line":15,"column":24}},"2":{"start":{"line":16,"column":26},"end":{"line":16,"column":41}},"3":{"start":{"line":17,"column":23},"end":{"line":17,"column":60}},"4":{"start":{"line":19,"column":28},"end":{"line":26,"column":3}},"5":{"start":{"line":20,"column":4},"end":{"line":25,"column":6}},"6":{"start":{"line":27,"column":2},"end":{"line":29,"column":26}},"7":{"start":{"line":28,"column":4},"end":{"line":28,"column":37}},"8":{"start":{"line":31,"column":2},"end":{"line":47,"column":4}},"9":{"start":{"line":40,"column":32},"end":{"line":40,"column":44}},"10":{"start":{"line":49,"column":15},"end":{"line":53,"column":2}}},"fnMap":{"0":{"name":"Home","decl":{"start":{"line":13,"column":16},"end":{"line":13,"column":20}},"loc":{"start":{"line":13,"column":23},"end":{"line":48,"column":1}},"line":13},"1":{"name":"(anonymous_1)","decl":{"start":{"line":19,"column":28},"end":{"line":19,"column":29}},"loc":{"start":{"line":20,"column":4},"end":{"line":25,"column":6}},"line":20},"2":{"name":"(anonymous_2)","decl":{"start":{"line":27,"column":12},"end":{"line":27,"column":13}},"loc":{"start":{"line":27,"column":18},"end":{"line":29,"column":3}},"line":27},"3":{"name":"(anonymous_3)","decl":{"start":{"line":40,"column":24},"end":{"line":40,"column":25}},"loc":{"start":{"line":40,"column":32},"end":{"line":40,"column":44}},"line":40}},"branchMap":{},"s":{"0":1,"1":1,"2":1,"3":1,"4":1,"5":0,"6":1,"7":1,"8":1,"9":0,"10":1},"f":{"0":1,"1":0,"2":1,"3":0},"b":{},"_coverageSchema":"1a1c01bbd47fc00a2c39e90264f33305004495a9","hash":"ffe0495ae55e62094454e3ef2a1cfbe9a17ac620"}
,"/Users/cyrocosta/Black-Wallet/src/screen/HomeScreen/walletMock.ts": {"path":"/Users/cyrocosta/Black-Wallet/src/screen/HomeScreen/walletMock.ts","statementMap":{"0":{"start":{"line":4,"column":26},"end":{"line":31,"column":1}}},"fnMap":{},"branchMap":{},"s":{"0":3},"f":{},"b":{},"_coverageSchema":"1a1c01bbd47fc00a2c39e90264f33305004495a9","hash":"5f4ba7ca33c0b55177fae47b9714fe8e4f61952b"}
,"/Users/cyrocosta/Black-Wallet/src/screen/TransactionScreen/GetCoinPrice.ts": {"path":"/Users/cyrocosta/Black-Wallet/src/screen/TransactionScreen/GetCoinPrice.ts","statementMap":{"0":{"start":{"line":3,"column":28},"end":{"line":6,"column":1}},"1":{"start":{"line":4,"column":20},"end":{"line":4,"column":49}},"2":{"start":{"line":5,"column":2},"end":{"line":5,"column":19}}},"fnMap":{"0":{"name":"(anonymous_0)","decl":{"start":{"line":3,"column":28},"end":{"line":3,"column":29}},"loc":{"start":{"line":3,"column":52},"end":{"line":6,"column":1}},"line":3}},"branchMap":{},"s":{"0":1,"1":4,"2":4},"f":{"0":4},"b":{},"_coverageSchema":"1a1c01bbd47fc00a2c39e90264f33305004495a9","hash":"40685e1bf5131e2a89f6d8b00bf4e18ece46ca7c"}
,"/Users/cyrocosta/Black-Wallet/src/screen/TransactionScreen/TransactionScreen.tsx": {"path":"/Users/cyrocosta/Black-Wallet/src/screen/TransactionScreen/TransactionScreen.tsx","statementMap":{"0":{"start":{"line":25,"column":21},"end":{"line":25,"column":68}},"1":{"start":{"line":26,"column":48},"end":{"line":26,"column":67}},"2":{"start":{"line":27,"column":38},"end":{"line":27,"column":58}},"3":{"start":{"line":28,"column":28},"end":{"line":28,"column":65}},"4":{"start":{"line":30,"column":65},"end":{"line":30,"column":78}},"5":{"start":{"line":31,"column":22},"end":{"line":31,"column":26}},"6":{"start":{"line":32,"column":14},"end":{"line":32,"column":15}},"7":{"start":{"line":33,"column":18},"end":{"line":33,"column":20}},"8":{"start":{"line":35,"column":16},"end":{"line":35,"column":25}},"9":{"start":{"line":37,"column":2},"end":{"line":40,"column":9}},"10":{"start":{"line":38,"column":16},"end":{"line":38,"column":72}},"11":{"start":{"line":38,"column":28},"end":{"line":38,"column":72}},"12":{"start":{"line":39,"column":4},"end":{"line":39,"column":10}},"13":{"start":{"line":42,"column":17},"end":{"line":45,"column":3}},"14":{"start":{"line":43,"column":4},"end":{"line":43,"column":33}},"15":{"start":{"line":44,"column":4},"end":{"line":44,"column":32}},"16":{"start":{"line":46,"column":21},"end":{"line":58,"column":3}},"17":{"start":{"line":47,"column":4},"end":{"line":57,"column":46}},"18":{"start":{"line":56,"column":19},"end":{"line":56,"column":35}},"19":{"start":{"line":57,"column":20},"end":{"line":57,"column":44}},"20":{"start":{"line":59,"column":22},"end":{"line":62,"column":3}},"21":{"start":{"line":60,"column":15},"end":{"line":60,"column":51}},"22":{"start":{"line":61,"column":4},"end":{"line":61,"column":25}},"23":{"start":{"line":64,"column":18},"end":{"line":71,"column":3}},"24":{"start":{"line":65,"column":4},"end":{"line":65,"column":12}},"25":{"start":{"line":66,"column":17},"end":{"line":66,"column":73}},"26":{"start":{"line":66,"column":29},"end":{"line":66,"column":73}},"27":{"start":{"line":67,"column":4},"end":{"line":69,"column":5}},"28":{"start":{"line":68,"column":6},"end":{"line":68,"column":15}},"29":{"start":{"line":70,"column":4},"end":{"line":70,"column":11}},"30":{"start":{"line":73,"column":2},"end":{"line":75,"column":9}},"31":{"start":{"line":74,"column":4},"end":{"line":74,"column":70}},"32":{"start":{"line":74,"column":45},"end":{"line":74,"column":54}},"33":{"start":{"line":76,"column":2},"end":{"line":110,"column":4}},"34":{"start":{"line":90,"column":36},"end":{"line":90,"column":57}},"35":{"start":{"line":113,"column":15},"end":{"line":122,"column":2}}},"fnMap":{"0":{"name":"TransactionScreen","decl":{"start":{"line":13,"column":16},"end":{"line":13,"column":33}},"loc":{"start":{"line":24,"column":3},"end":{"line":111,"column":1}},"line":24},"1":{"name":"(anonymous_1)","decl":{"start":{"line":37,"column":12},"end":{"line":37,"column":13}},"loc":{"start":{"line":37,"column":18},"end":{"line":40,"column":3}},"line":37},"2":{"name":"(anonymous_2)","decl":{"start":{"line":38,"column":16},"end":{"line":38,"column":17}},"loc":{"start":{"line":38,"column":28},"end":{"line":38,"column":72}},"line":38},"3":{"name":"(anonymous_3)","decl":{"start":{"line":42,"column":17},"end":{"line":42,"column":18}},"loc":{"start":{"line":42,"column":23},"end":{"line":45,"column":3}},"line":42},"4":{"name":"(anonymous_4)","decl":{"start":{"line":46,"column":21},"end":{"line":46,"column":22}},"loc":{"start":{"line":46,"column":27},"end":{"line":58,"column":3}},"line":46},"5":{"name":"(anonymous_5)","decl":{"start":{"line":56,"column":12},"end":{"line":56,"column":13}},"loc":{"start":{"line":56,"column":19},"end":{"line":56,"column":35}},"line":56},"6":{"name":"(anonymous_6)","decl":{"start":{"line":57,"column":13},"end":{"line":57,"column":14}},"loc":{"start":{"line":57,"column":20},"end":{"line":57,"column":44}},"line":57},"7":{"name":"(anonymous_7)","decl":{"start":{"line":59,"column":22},"end":{"line":59,"column":23}},"loc":{"start":{"line":59,"column":28},"end":{"line":62,"column":3}},"line":59},"8":{"name":"(anonymous_8)","decl":{"start":{"line":64,"column":18},"end":{"line":64,"column":19}},"loc":{"start":{"line":64,"column":24},"end":{"line":71,"column":3}},"line":64},"9":{"name":"(anonymous_9)","decl":{"start":{"line":66,"column":17},"end":{"line":66,"column":18}},"loc":{"start":{"line":66,"column":29},"end":{"line":66,"column":73}},"line":66},"10":{"name":"(anonymous_10)","decl":{"start":{"line":73,"column":12},"end":{"line":73,"column":13}},"loc":{"start":{"line":73,"column":18},"end":{"line":75,"column":3}},"line":73},"11":{"name":"(anonymous_11)","decl":{"start":{"line":74,"column":39},"end":{"line":74,"column":40}},"loc":{"start":{"line":74,"column":45},"end":{"line":74,"column":54}},"line":74},"12":{"name":"(anonymous_12)","decl":{"start":{"line":90,"column":26},"end":{"line":90,"column":27}},"loc":{"start":{"line":90,"column":36},"end":{"line":90,"column":57}},"line":90}},"branchMap":{"0":{"loc":{"start":{"line":67,"column":4},"end":{"line":69,"column":5}},"type":"if","locations":[{"start":{"line":67,"column":4},"end":{"line":69,"column":5}},{"start":{},"end":{}}],"line":67}},"s":{"0":5,"1":5,"2":5,"3":5,"4":5,"5":5,"6":5,"7":5,"8":5,"9":5,"10":3,"11":3,"12":3,"13":5,"14":1,"15":1,"16":5,"17":0,"18":0,"19":0,"20":5,"21":5,"22":5,"23":5,"24":0,"25":0,"26":0,"27":0,"28":0,"29":0,"30":5,"31":3,"32":0,"33":5,"34":1,"35":1},"f":{"0":5,"1":3,"2":3,"3":1,"4":0,"5":0,"6":0,"7":5,"8":0,"9":0,"10":3,"11":0,"12":1},"b":{"0":[0,0]},"_coverageSchema":"1a1c01bbd47fc00a2c39e90264f33305004495a9","hash":"a32570ce2b869aa83855e50a9e174c8cecafbe82"}
,"/Users/cyrocosta/Black-Wallet/src/screen/TransactionScreen/mock.ts": {"path":"/Users/cyrocosta/Black-Wallet/src/screen/TransactionScreen/mock.ts","statementMap":{"0":{"start":{"line":4,"column":26},"end":{"line":31,"column":1}},"1":{"start":{"line":33,"column":25},"end":{"line":40,"column":1}}},"fnMap":{},"branchMap":{},"s":{"0":1,"1":1},"f":{},"b":{},"_coverageSchema":"1a1c01bbd47fc00a2c39e90264f33305004495a9","hash":"f9a857c4a9526499c5ab081ea7e981286a878ce9"}
,"/Users/cyrocosta/Black-Wallet/src/screen/WalletScreen/Modal.tsx": {"path":"/Users/cyrocosta/Black-Wallet/src/screen/WalletScreen/Modal.tsx","statementMap":{"0":{"start":{"line":9,"column":21},"end":{"line":21,"column":1}},"1":{"start":{"line":10,"column":2},"end":{"line":20,"column":4}},"2":{"start":{"line":23,"column":30},"end":{"line":25,"column":1}},"3":{"start":{"line":24,"column":2},"end":{"line":24,"column":50}},"4":{"start":{"line":27,"column":27},"end":{"line":31,"column":1}},"5":{"start":{"line":28,"column":2},"end":{"line":30,"column":9}},"6":{"start":{"line":33,"column":25},"end":{"line":35,"column":1}},"7":{"start":{"line":34,"column":2},"end":{"line":34,"column":45}},"8":{"start":{"line":37,"column":27},"end":{"line":39,"column":1}},"9":{"start":{"line":38,"column":2},"end":{"line":38,"column":47}},"10":{"start":{"line":41,"column":15},"end":{"line":70,"column":2}}},"fnMap":{"0":{"name":"(anonymous_0)","decl":{"start":{"line":9,"column":21},"end":{"line":9,"column":22}},"loc":{"start":{"line":9,"column":78},"end":{"line":21,"column":1}},"line":9},"1":{"name":"(anonymous_1)","decl":{"start":{"line":23,"column":30},"end":{"line":23,"column":31}},"loc":{"start":{"line":24,"column":2},"end":{"line":24,"column":50}},"line":24},"2":{"name":"(anonymous_2)","decl":{"start":{"line":27,"column":27},"end":{"line":27,"column":28}},"loc":{"start":{"line":28,"column":2},"end":{"line":30,"column":9}},"line":28},"3":{"name":"(anonymous_3)","decl":{"start":{"line":33,"column":25},"end":{"line":33,"column":26}},"loc":{"start":{"line":34,"column":2},"end":{"line":34,"column":45}},"line":34},"4":{"name":"(anonymous_4)","decl":{"start":{"line":37,"column":27},"end":{"line":37,"column":28}},"loc":{"start":{"line":38,"column":2},"end":{"line":38,"column":47}},"line":38}},"branchMap":{"0":{"loc":{"start":{"line":9,"column":23},"end":{"line":9,"column":40}},"type":"default-arg","locations":[{"start":{"line":9,"column":35},"end":{"line":9,"column":40}}],"line":9}},"s":{"0":1,"1":0,"2":1,"3":8,"4":1,"5":8,"6":1,"7":8,"8":1,"9":8,"10":1},"f":{"0":0,"1":8,"2":8,"3":8,"4":8},"b":{"0":[0]},"_coverageSchema":"1a1c01bbd47fc00a2c39e90264f33305004495a9","hash":"0601d9e8d16f8d1bc5b09d43cc2963349c47fc89"}
,"/Users/cyrocosta/Black-Wallet/src/screen/WalletScreen/ModalScreen.tsx": {"path":"/Users/cyrocosta/Black-Wallet/src/screen/WalletScreen/ModalScreen.tsx","statementMap":{"0":{"start":{"line":32,"column":46},"end":{"line":32,"column":61}},"1":{"start":{"line":33,"column":37},"end":{"line":33,"column":49}},"2":{"start":{"line":34,"column":25},"end":{"line":34,"column":51}},"3":{"start":{"line":35,"column":28},"end":{"line":35,"column":46}},"4":{"start":{"line":36,"column":36},"end":{"line":36,"column":76}},"5":{"start":{"line":37,"column":34},"end":{"line":37,"column":57}},"6":{"start":{"line":38,"column":21},"end":{"line":38,"column":68}},"7":{"start":{"line":39,"column":20},"end":{"line":41,"column":3}},"8":{"start":{"line":40,"column":4},"end":{"line":40,"column":39}},"9":{"start":{"line":43,"column":23},"end":{"line":57,"column":3}},"10":{"start":{"line":44,"column":4},"end":{"line":44,"column":20}},"11":{"start":{"line":45,"column":22},"end":{"line":45,"column":47}},"12":{"start":{"line":46,"column":27},"end":{"line":46,"column":56}},"13":{"start":{"line":48,"column":4},"end":{"line":56,"column":5}},"14":{"start":{"line":49,"column":6},"end":{"line":49,"column":47}},"15":{"start":{"line":50,"column":11},"end":{"line":56,"column":5}},"16":{"start":{"line":51,"column":6},"end":{"line":51,"column":54}},"17":{"start":{"line":52,"column":11},"end":{"line":56,"column":5}},"18":{"start":{"line":53,"column":6},"end":{"line":53,"column":49}},"19":{"start":{"line":55,"column":6},"end":{"line":55,"column":23}},"20":{"start":{"line":58,"column":15},"end":{"line":67,"column":3}},"21":{"start":{"line":59,"column":4},"end":{"line":66,"column":5}},"22":{"start":{"line":60,"column":6},"end":{"line":65,"column":9}},"23":{"start":{"line":68,"column":26},"end":{"line":81,"column":3}},"24":{"start":{"line":69,"column":4},"end":{"line":77,"column":43}},"25":{"start":{"line":76,"column":18},"end":{"line":76,"column":40}},"26":{"start":{"line":77,"column":20},"end":{"line":77,"column":41}},"27":{"start":{"line":78,"column":4},"end":{"line":80,"column":5}},"28":{"start":{"line":79,"column":6},"end":{"line":79,"column":34}},"29":{"start":{"line":83,"column":24},"end":{"line":86,"column":3}},"30":{"start":{"line":84,"column":4},"end":{"line":84,"column":18}},"31":{"start":{"line":85,"column":4},"end":{"line":85,"column":45}},"32":{"start":{"line":85,"column":28},"end":{"line":85,"column":43}},"33":{"start":{"line":88,"column":2},"end":{"line":165,"column":4}},"34":{"start":{"line":138,"column":46},"end":{"line":138,"column":64}},"35":{"start":{"line":168,"column":15},"end":{"line":180,"column":2}}},"fnMap":{"0":{"name":"ModalScreen","decl":{"start":{"line":21,"column":16},"end":{"line":21,"column":27}},"loc":{"start":{"line":31,"column":3},"end":{"line":166,"column":1}},"line":31},"1":{"name":"(anonymous_1)","decl":{"start":{"line":39,"column":20},"end":{"line":39,"column":21}},"loc":{"start":{"line":39,"column":26},"end":{"line":41,"column":3}},"line":39},"2":{"name":"(anonymous_2)","decl":{"start":{"line":43,"column":23},"end":{"line":43,"column":24}},"loc":{"start":{"line":43,"column":47},"end":{"line":57,"column":3}},"line":43},"3":{"name":"(anonymous_3)","decl":{"start":{"line":58,"column":15},"end":{"line":58,"column":16}},"loc":{"start":{"line":58,"column":27},"end":{"line":67,"column":3}},"line":58},"4":{"name":"(anonymous_4)","decl":{"start":{"line":68,"column":26},"end":{"line":68,"column":27}},"loc":{"start":{"line":68,"column":32},"end":{"line":81,"column":3}},"line":68},"5":{"name":"(anonymous_5)","decl":{"start":{"line":76,"column":12},"end":{"line":76,"column":13}},"loc":{"start":{"line":76,"column":18},"end":{"line":76,"column":40}},"line":76},"6":{"name":"(anonymous_6)","decl":{"start":{"line":77,"column":13},"end":{"line":77,"column":14}},"loc":{"start":{"line":77,"column":20},"end":{"line":77,"column":41}},"line":77},"7":{"name":"(anonymous_7)","decl":{"start":{"line":83,"column":24},"end":{"line":83,"column":25}},"loc":{"start":{"line":83,"column":30},"end":{"line":86,"column":3}},"line":83},"8":{"name":"(anonymous_8)","decl":{"start":{"line":85,"column":22},"end":{"line":85,"column":23}},"loc":{"start":{"line":85,"column":28},"end":{"line":85,"column":43}},"line":85},"9":{"name":"(anonymous_9)","decl":{"start":{"line":138,"column":38},"end":{"line":138,"column":39}},"loc":{"start":{"line":138,"column":46},"end":{"line":138,"column":64}},"line":138}},"branchMap":{"0":{"loc":{"start":{"line":48,"column":4},"end":{"line":56,"column":5}},"type":"if","locations":[{"start":{"line":48,"column":4},"end":{"line":56,"column":5}},{"start":{"line":50,"column":11},"end":{"line":56,"column":5}}],"line":48},"1":{"loc":{"start":{"line":50,"column":11},"end":{"line":56,"column":5}},"type":"if","locations":[{"start":{"line":50,"column":11},"end":{"line":56,"column":5}},{"start":{"line":52,"column":11},"end":{"line":56,"column":5}}],"line":50},"2":{"loc":{"start":{"line":52,"column":11},"end":{"line":56,"column":5}},"type":"if","locations":[{"start":{"line":52,"column":11},"end":{"line":56,"column":5}},{"start":{"line":54,"column":11},"end":{"line":56,"column":5}}],"line":52},"3":{"loc":{"start":{"line":52,"column":15},"end":{"line":52,"column":68}},"type":"binary-expr","locations":[{"start":{"line":52,"column":15},"end":{"line":52,"column":40}},{"start":{"line":52,"column":44},"end":{"line":52,"column":68}}],"line":52},"4":{"loc":{"start":{"line":59,"column":4},"end":{"line":66,"column":5}},"type":"if","locations":[{"start":{"line":59,"column":4},"end":{"line":66,"column":5}},{"start":{},"end":{}}],"line":59},"5":{"loc":{"start":{"line":78,"column":4},"end":{"line":80,"column":5}},"type":"if","locations":[{"start":{"line":78,"column":4},"end":{"line":80,"column":5}},{"start":{},"end":{}}],"line":78},"6":{"loc":{"start":{"line":106,"column":17},"end":{"line":127,"column":17}},"type":"binary-expr","locations":[{"start":{"line":106,"column":17},"end":{"line":106,"column":36}},{"start":{"line":107,"column":18},"end":{"line":126,"column":21}}],"line":106},"7":{"loc":{"start":{"line":128,"column":17},"end":{"line":158,"column":17}},"type":"binary-expr","locations":[{"start":{"line":128,"column":17},"end":{"line":128,"column":35}},{"start":{"line":129,"column":18},"end":{"line":157,"column":21}}],"line":128}},"s":{"0":20,"1":20,"2":20,"3":20,"4":20,"5":20,"6":20,"7":20,"8":4,"9":20,"10":3,"11":3,"12":2,"13":2,"14":0,"15":2,"16":2,"17":0,"18":0,"19":0,"20":20,"21":0,"22":0,"23":20,"24":0,"25":0,"26":0,"27":0,"28":0,"29":20,"30":0,"31":0,"32":0,"33":20,"34":3,"35":1},"f":{"0":20,"1":4,"2":3,"3":0,"4":0,"5":0,"6":0,"7":0,"8":0,"9":3},"b":{"0":[0,2],"1":[2,0],"2":[0,0],"3":[0,0],"4":[0,0],"5":[0,0],"6":[20,6],"7":[20,14]},"_coverageSchema":"1a1c01bbd47fc00a2c39e90264f33305004495a9","hash":"3bf3847dd5b17409e9e300f9d879355d8ce0545e"}
,"/Users/cyrocosta/Black-Wallet/src/screen/WalletScreen/WalletScreen.tsx": {"path":"/Users/cyrocosta/Black-Wallet/src/screen/WalletScreen/WalletScreen.tsx","statementMap":{"0":{"start":{"line":22,"column":44},"end":{"line":22,"column":57}},"1":{"start":{"line":23,"column":21},"end":{"line":23,"column":68}},"2":{"start":{"line":24,"column":23},"end":{"line":30,"column":3}},"3":{"start":{"line":25,"column":4},"end":{"line":29,"column":5}},"4":{"start":{"line":26,"column":6},"end":{"line":26,"column":39}},"5":{"start":{"line":28,"column":6},"end":{"line":28,"column":39}},"6":{"start":{"line":31,"column":23},"end":{"line":31,"column":58}},"7":{"start":{"line":32,"column":22},"end":{"line":34,"column":4}},"8":{"start":{"line":36,"column":2},"end":{"line":90,"column":4}},"9":{"start":{"line":73,"column":29},"end":{"line":73,"column":63}},"10":{"start":{"line":83,"column":41},"end":{"line":83,"column":68}},"11":{"start":{"line":93,"column":15},"end":{"line":98,"column":2}}},"fnMap":{"0":{"name":"WalletScreen","decl":{"start":{"line":11,"column":16},"end":{"line":11,"column":28}},"loc":{"start":{"line":21,"column":3},"end":{"line":91,"column":1}},"line":21},"1":{"name":"(anonymous_1)","decl":{"start":{"line":24,"column":23},"end":{"line":24,"column":24}},"loc":{"start":{"line":24,"column":53},"end":{"line":30,"column":3}},"line":24},"2":{"name":"(anonymous_2)","decl":{"start":{"line":73,"column":23},"end":{"line":73,"column":24}},"loc":{"start":{"line":73,"column":29},"end":{"line":73,"column":63}},"line":73},"3":{"name":"(anonymous_3)","decl":{"start":{"line":83,"column":35},"end":{"line":83,"column":36}},"loc":{"start":{"line":83,"column":41},"end":{"line":83,"column":68}},"line":83}},"branchMap":{"0":{"loc":{"start":{"line":25,"column":4},"end":{"line":29,"column":5}},"type":"if","locations":[{"start":{"line":25,"column":4},"end":{"line":29,"column":5}},{"start":{"line":27,"column":11},"end":{"line":29,"column":5}}],"line":25},"1":{"loc":{"start":{"line":39,"column":7},"end":{"line":44,"column":7}},"type":"binary-expr","locations":[{"start":{"line":39,"column":7},"end":{"line":39,"column":21}},{"start":{"line":40,"column":8},"end":{"line":43,"column":10}}],"line":39},"2":{"loc":{"start":{"line":45,"column":7},"end":{"line":50,"column":7}},"type":"binary-expr","locations":[{"start":{"line":45,"column":7},"end":{"line":45,"column":21}},{"start":{"line":46,"column":8},"end":{"line":49,"column":10}}],"line":45}},"s":{"0":6,"1":6,"2":6,"3":6,"4":6,"5":0,"6":6,"7":6,"8":6,"9":0,"10":1,"11":1},"f":{"0":6,"1":6,"2":0,"3":1},"b":{"0":[6,0],"1":[6,6],"2":[6,0]},"_coverageSchema":"1a1c01bbd47fc00a2c39e90264f33305004495a9","hash":"4bfaddc54c8d9ffbc80a8dbd17dafd810e5eb9cb"}
,"/Users/cyrocosta/Black-Wallet/src/screen/WalletScreen/mock.ts": {"path":"/Users/cyrocosta/Black-Wallet/src/screen/WalletScreen/mock.ts","statementMap":{"0":{"start":{"line":1,"column":25},"end":{"line":3,"column":1}}},"fnMap":{},"branchMap":{},"s":{"0":1},"f":{},"b":{},"_coverageSchema":"1a1c01bbd47fc00a2c39e90264f33305004495a9","hash":"06a1221389d36c9e43b8f2873d02c854eb514ac6"}
,"/Users/cyrocosta/Black-Wallet/src/screen/WalletScreen/styles.js": {"path":"/Users/cyrocosta/Black-Wallet/src/screen/WalletScreen/styles.js","statementMap":{"0":{"start":{"line":3,"column":25},"end":{"line":12,"column":1}},"1":{"start":{"line":14,"column":42},"end":{"line":17,"column":1}},"2":{"start":{"line":19,"column":30},"end":{"line":25,"column":1}},"3":{"start":{"line":27,"column":33},"end":{"line":29,"column":1}},"4":{"start":{"line":31,"column":24},"end":{"line":38,"column":1}},"5":{"start":{"line":39,"column":28},"end":{"line":46,"column":1}},"6":{"start":{"line":47,"column":21},"end":{"line":49,"column":1}},"7":{"start":{"line":51,"column":30},"end":{"line":55,"column":1}},"8":{"start":{"line":56,"column":25},"end":{"line":61,"column":1}},"9":{"start":{"line":63,"column":29},"end":{"line":67,"column":1}},"10":{"start":{"line":69,"column":25},"end":{"line":73,"column":1}},"11":{"start":{"line":74,"column":20},"end":{"line":79,"column":1}},"12":{"start":{"line":81,"column":41},"end":{"line":89,"column":1}},"13":{"start":{"line":90,"column":43},"end":{"line":98,"column":1}},"14":{"start":{"line":99,"column":27},"end":{"line":105,"column":1}}},"fnMap":{},"branchMap":{},"s":{"0":2,"1":2,"2":2,"3":2,"4":2,"5":2,"6":2,"7":2,"8":2,"9":2,"10":2,"11":2,"12":2,"13":2,"14":2},"f":{},"b":{},"_coverageSchema":"1a1c01bbd47fc00a2c39e90264f33305004495a9","hash":"c667ef5cdfb41162205e943488d70644875566b3"}
,"/Users/cyrocosta/Black-Wallet/src/screen/selectScreen/SelectScreen.tsx": {"path":"/Users/cyrocosta/Black-Wallet/src/screen/selectScreen/SelectScreen.tsx","statementMap":{"0":{"start":{"line":13,"column":2},"end":{"line":56,"column":4}},"1":{"start":{"line":59,"column":15},"end":{"line":95,"column":2}}},"fnMap":{"0":{"name":"Card","decl":{"start":{"line":5,"column":16},"end":{"line":5,"column":20}},"loc":{"start":{"line":12,"column":3},"end":{"line":57,"column":1}},"line":12}},"branchMap":{"0":{"loc":{"start":{"line":15,"column":7},"end":{"line":34,"column":7}},"type":"binary-expr","locations":[{"start":{"line":15,"column":7},"end":{"line":15,"column":14}},{"start":{"line":16,"column":8},"end":{"line":33,"column":15}}],"line":15},"1":{"loc":{"start":{"line":17,"column":11},"end":{"line":22,"column":11}},"type":"binary-expr","locations":[{"start":{"line":17,"column":11},"end":{"line":17,"column":25}},{"start":{"line":18,"column":12},"end":{"line":21,"column":14}}],"line":17},"2":{"loc":{"start":{"line":23,"column":11},"end":{"line":28,"column":11}},"type":"binary-expr","locations":[{"start":{"line":23,"column":11},"end":{"line":23,"column":25}},{"start":{"line":24,"column":12},"end":{"line":27,"column":14}}],"line":23},"3":{"loc":{"start":{"line":35,"column":7},"end":{"line":54,"column":7}},"type":"binary-expr","locations":[{"start":{"line":35,"column":7},"end":{"line":35,"column":15}},{"start":{"line":36,"column":8},"end":{"line":53,"column":15}}],"line":35},"4":{"loc":{"start":{"line":37,"column":11},"end":{"line":42,"column":11}},"type":"binary-expr","locations":[{"start":{"line":37,"column":11},"end":{"line":37,"column":25}},{"start":{"line":38,"column":12},"end":{"line":41,"column":14}}],"line":37},"5":{"loc":{"start":{"line":43,"column":11},"end":{"line":48,"column":11}},"type":"binary-expr","locations":[{"start":{"line":43,"column":11},"end":{"line":43,"column":25}},{"start":{"line":44,"column":12},"end":{"line":47,"column":14}}],"line":43}},"s":{"0":0,"1":1},"f":{"0":0},"b":{"0":[0,0],"1":[0,0],"2":[0,0],"3":[0,0],"4":[0,0],"5":[0,0]},"_coverageSchema":"1a1c01bbd47fc00a2c39e90264f33305004495a9","hash":"c24b741e3753b64728923be772c7f25132c5ff8b"}
}
