{"total": {"lines":{"total":264,"covered":176,"skipped":0,"pct":66.66},"statements":{"total":271,"covered":179,"skipped":0,"pct":66.05},"functions":{"total":64,"covered":25,"skipped":0,"pct":39.06},"branches":{"total":91,"covered":20,"skipped":0,"pct":21.97},"branchesTrue":{"total":0,"covered":0,"skipped":0,"pct":100}}
,"/Users/cyrocosta/Black-Wallet/config.js": {"lines":{"total":0,"covered":0,"skipped":0,"pct":100},"functions":{"total":0,"covered":0,"skipped":0,"pct":100},"statements":{"total":0,"covered":0,"skipped":0,"pct":100},"branches":{"total":0,"covered":0,"skipped":0,"pct":100}}
,"/Users/cyrocosta/Black-Wallet/src/assets/BTCLogo.png": {"lines":{"total":1,"covered":1,"skipped":0,"pct":100},"functions":{"total":0,"covered":0,"skipped":0,"pct":100},"statements":{"total":1,"covered":1,"skipped":0,"pct":100},"branches":{"total":0,"covered":0,"skipped":0,"pct":100}}
,"/Users/cyrocosta/Black-Wallet/src/component/Modal/Modal.tsx": {"lines":{"total":11,"covered":6,"skipped":0,"pct":54.54},"functions":{"total":5,"covered":0,"skipped":0,"pct":0},"statements":{"total":11,"covered":6,"skipped":0,"pct":54.54},"branches":{"total":1,"covered":0,"skipped":0,"pct":0}}
,"/Users/cyrocosta/Black-Wallet/src/component/Modal/modalButton/ModalButton.tsx": {"lines":{"total":35,"covered":20,"skipped":0,"pct":57.14},"functions":{"total":13,"covered":3,"skipped":0,"pct":23.07},"statements":{"total":37,"covered":20,"skipped":0,"pct":54.05},"branches":{"total":16,"covered":3,"skipped":0,"pct":18.75}}
,"/Users/cyrocosta/Black-Wallet/src/component/chart/chart.tsx": {"lines":{"total":53,"covered":28,"skipped":0,"pct":52.83},"functions":{"total":11,"covered":5,"skipped":0,"pct":45.45},"statements":{"total":53,"covered":28,"skipped":0,"pct":52.83},"branches":{"total":25,"covered":5,"skipped":0,"pct":20}}
,"/Users/cyrocosta/Black-Wallet/src/component/chart/functions/chartFunctions.ts": {"lines":{"total":26,"covered":15,"skipped":0,"pct":57.69},"functions":{"total":2,"covered":1,"skipped":0,"pct":50},"statements":{"total":29,"covered":18,"skipped":0,"pct":62.06},"branches":{"total":6,"covered":2,"skipped":0,"pct":33.33}}
,"/Users/cyrocosta/Black-Wallet/src/component/client/queries/queries.ts": {"lines":{"total":6,"covered":6,"skipped":0,"pct":100},"functions":{"total":0,"covered":0,"skipped":0,"pct":100},"statements":{"total":6,"covered":6,"skipped":0,"pct":100},"branches":{"total":0,"covered":0,"skipped":0,"pct":100}}
,"/Users/cyrocosta/Black-Wallet/src/component/hooks/useGetBalance.ts": {"lines":{"total":3,"covered":3,"skipped":0,"pct":100},"functions":{"total":1,"covered":1,"skipped":0,"pct":100},"statements":{"total":3,"covered":3,"skipped":0,"pct":100},"branches":{"total":0,"covered":0,"skipped":0,"pct":100}}
,"/Users/cyrocosta/Black-Wallet/src/component/hooks/useGetWallets.ts": {"lines":{"total":3,"covered":3,"skipped":0,"pct":100},"functions":{"total":1,"covered":1,"skipped":0,"pct":100},"statements":{"total":3,"covered":3,"skipped":0,"pct":100},"branches":{"total":0,"covered":0,"skipped":0,"pct":100}}
,"/Users/cyrocosta/Black-Wallet/src/component/services/HardwareServices.ts": {"lines":{"total":4,"covered":3,"skipped":0,"pct":75},"functions":{"total":1,"covered":1,"skipped":0,"pct":100},"statements":{"total":4,"covered":3,"skipped":0,"pct":75},"branches":{"total":0,"covered":0,"skipped":0,"pct":100}}
,"/Users/cyrocosta/Black-Wallet/src/component/strings/pt-br.js": {"lines":{"total":5,"covered":5,"skipped":0,"pct":100},"functions":{"total":0,"covered":0,"skipped":0,"pct":100},"statements":{"total":5,"covered":5,"skipped":0,"pct":100},"branches":{"total":0,"covered":0,"skipped":0,"pct":100}}
,"/Users/cyrocosta/Black-Wallet/src/component/styles/styles.js": {"lines":{"total":14,"covered":14,"skipped":0,"pct":100},"functions":{"total":0,"covered":0,"skipped":0,"pct":100},"statements":{"total":14,"covered":14,"skipped":0,"pct":100},"branches":{"total":0,"covered":0,"skipped":0,"pct":100}}
,"/Users/cyrocosta/Black-Wallet/src/component/utils/functions/Format.ts": {"lines":{"total":5,"covered":1,"skipped":0,"pct":20},"functions":{"total":1,"covered":0,"skipped":0,"pct":0},"statements":{"total":5,"covered":1,"skipped":0,"pct":20},"branches":{"total":2,"covered":0,"skipped":0,"pct":0}}
,"/Users/cyrocosta/Black-Wallet/src/component/walletCard/WalletCard.tsx": {"lines":{"total":7,"covered":1,"skipped":0,"pct":14.28},"functions":{"total":3,"covered":0,"skipped":0,"pct":0},"statements":{"total":8,"covered":1,"skipped":0,"pct":12.5},"branches":{"total":6,"covered":0,"skipped":0,"pct":0}}
,"/Users/cyrocosta/Black-Wallet/src/contexts/auth.tsx": {"lines":{"total":3,"covered":1,"skipped":0,"pct":33.33},"functions":{"total":2,"covered":0,"skipped":0,"pct":0},"statements":{"total":3,"covered":1,"skipped":0,"pct":33.33},"branches":{"total":0,"covered":0,"skipped":0,"pct":100}}
,"/Users/cyrocosta/Black-Wallet/src/screen/HomeScreen/home.tsx": {"lines":{"total":11,"covered":9,"skipped":0,"pct":81.81},"functions":{"total":4,"covered":2,"skipped":0,"pct":50},"statements":{"total":11,"covered":9,"skipped":0,"pct":81.81},"branches":{"total":0,"covered":0,"skipped":0,"pct":100}}
,"/Users/cyrocosta/Black-Wallet/src/screen/HomeScreen/walletMock.ts": {"lines":{"total":1,"covered":1,"skipped":0,"pct":100},"functions":{"total":0,"covered":0,"skipped":0,"pct":100},"statements":{"total":1,"covered":1,"skipped":0,"pct":100},"branches":{"total":0,"covered":0,"skipped":0,"pct":100}}
,"/Users/cyrocosta/Black-Wallet/src/screen/WalletScreen/Modal.tsx": {"lines":{"total":11,"covered":10,"skipped":0,"pct":90.9},"functions":{"total":5,"covered":4,"skipped":0,"pct":80},"statements":{"total":11,"covered":10,"skipped":0,"pct":90.9},"branches":{"total":1,"covered":0,"skipped":0,"pct":0}}
,"/Users/cyrocosta/Black-Wallet/src/screen/WalletScreen/ModalScreen.tsx": {"lines":{"total":35,"covered":22,"skipped":0,"pct":62.85},"functions":{"total":10,"covered":4,"skipped":0,"pct":40},"statements":{"total":36,"covered":22,"skipped":0,"pct":61.11},"branches":{"total":16,"covered":6,"skipped":0,"pct":37.5}}
,"/Users/cyrocosta/Black-Wallet/src/screen/WalletScreen/WalletScreen.tsx": {"lines":{"total":12,"covered":10,"skipped":0,"pct":83.33},"functions":{"total":4,"covered":3,"skipped":0,"pct":75},"statements":{"total":12,"covered":10,"skipped":0,"pct":83.33},"branches":{"total":6,"covered":4,"skipped":0,"pct":66.66}}
,"/Users/cyrocosta/Black-Wallet/src/screen/WalletScreen/mock.ts": {"lines":{"total":1,"covered":1,"skipped":0,"pct":100},"functions":{"total":0,"covered":0,"skipped":0,"pct":100},"statements":{"total":1,"covered":1,"skipped":0,"pct":100},"branches":{"total":0,"covered":0,"skipped":0,"pct":100}}
,"/Users/cyrocosta/Black-Wallet/src/screen/WalletScreen/styles.js": {"lines":{"total":15,"covered":15,"skipped":0,"pct":100},"functions":{"total":0,"covered":0,"skipped":0,"pct":100},"statements":{"total":15,"covered":15,"skipped":0,"pct":100},"branches":{"total":0,"covered":0,"skipped":0,"pct":100}}
,"/Users/cyrocosta/Black-Wallet/src/screen/selectScreen/SelectScreen.tsx": {"lines":{"total":2,"covered":1,"skipped":0,"pct":50},"functions":{"total":1,"covered":0,"skipped":0,"pct":0},"statements":{"total":2,"covered":1,"skipped":0,"pct":50},"branches":{"total":12,"covered":0,"skipped":0,"pct":0}}
}
