TN:
SF:config.js
FNF:0
FNH:0
LF:0
LH:0
BRF:0
BRH:0
end_of_record
TN:
SF:src/assets/BTCLogo.png
FNF:0
FNH:0
DA:1,1
LF:1
LH:1
BRF:0
BRH:0
end_of_record
TN:
SF:src/component/Modal/Modal.tsx
FN:9,(anonymous_0)
FN:23,(anonymous_1)
FN:27,(anonymous_2)
FN:33,(anonymous_3)
FN:37,(anonymous_4)
FNF:5
FNH:0
FNDA:0,(anonymous_0)
FNDA:0,(anonymous_1)
FNDA:0,(anonymous_2)
FNDA:0,(anonymous_3)
FNDA:0,(anonymous_4)
DA:9,1
DA:10,0
DA:23,1
DA:24,0
DA:27,1
DA:28,0
DA:33,1
DA:34,0
DA:37,1
DA:38,0
DA:41,1
LF:11
LH:6
BRDA:9,0,0,0
BRF:1
BRH:0
end_of_record
TN:
SF:src/component/Modal/modalButton/ModalButton.tsx
FN:21,ModalButton
FN:30,(anonymous_1)
FN:34,(anonymous_2)
FN:45,(anonymous_3)
FN:49,(anonymous_4)
FN:58,(anonymous_5)
FN:67,(anonymous_6)
FN:70,(anonymous_7)
FN:73,(anonymous_8)
FN:74,(anonymous_9)
FN:95,(anonymous_10)
FN:102,(anonymous_11)
FN:114,(anonymous_12)
FNF:13
FNH:3
FNDA:1,ModalButton
FNDA:0,(anonymous_1)
FNDA:1,(anonymous_2)
FNDA:1,(anonymous_3)
FNDA:0,(anonymous_4)
FNDA:0,(anonymous_5)
FNDA:0,(anonymous_6)
FNDA:0,(anonymous_7)
FNDA:0,(anonymous_8)
FNDA:0,(anonymous_9)
FNDA:0,(anonymous_10)
FNDA:0,(anonymous_11)
FNDA:0,(anonymous_12)
DA:22,1
DA:23,1
DA:24,1
DA:25,1
DA:26,1
DA:27,1
DA:28,1
DA:30,1
DA:31,0
DA:34,1
DA:35,1
DA:36,1
DA:37,1
DA:38,0
DA:39,1
DA:40,0
DA:42,1
DA:45,1
DA:46,1
DA:49,1
DA:50,0
DA:51,0
DA:58,0
DA:59,0
DA:60,0
DA:67,0
DA:69,0
DA:70,0
DA:73,1
DA:74,0
DA:77,1
DA:95,0
DA:102,0
DA:114,0
DA:141,1
LF:35
LH:20
BRDA:37,0,0,0
BRDA:37,0,1,1
BRDA:39,1,0,0
BRDA:39,1,1,1
BRDA:50,2,0,0
BRDA:50,2,1,0
BRDA:50,3,0,0
BRDA:50,3,1,0
BRDA:59,4,0,0
BRDA:59,4,1,0
BRDA:59,5,0,0
BRDA:59,5,1,0
BRDA:69,6,0,0
BRDA:69,6,1,0
BRDA:117,7,0,1
BRDA:117,7,1,0
BRF:16
BRH:3
end_of_record
TN:
SF:src/component/chart/chart.tsx
FN:17,Chart
FN:49,(anonymous_1)
FN:65,(anonymous_2)
FN:82,(anonymous_3)
FN:90,(anonymous_4)
FN:94,(anonymous_5)
FN:123,(anonymous_6)
FN:127,(anonymous_7)
FN:144,(anonymous_8)
FN:149,(anonymous_9)
FN:154,(anonymous_10)
FNF:11
FNH:5
FNDA:1,Chart
FNDA:0,(anonymous_1)
FNDA:0,(anonymous_2)
FNDA:1,(anonymous_3)
FNDA:0,(anonymous_4)
FNDA:1,(anonymous_5)
FNDA:7,(anonymous_6)
FNDA:2,(anonymous_7)
FNDA:0,(anonymous_8)
FNDA:0,(anonymous_9)
FNDA:0,(anonymous_10)
DA:18,1
DA:19,1
DA:20,1
DA:21,1
DA:22,1
DA:23,1
DA:24,1
DA:25,1
DA:26,1
DA:27,1
DA:36,1
DA:44,1
DA:45,1
DA:46,1
DA:47,1
DA:48,1
DA:49,1
DA:50,0
DA:51,0
DA:52,0
DA:53,0
DA:55,0
DA:56,0
DA:57,0
DA:59,0
DA:61,0
DA:65,1
DA:66,0
DA:67,0
DA:68,0
DA:69,0
DA:70,0
DA:71,0
DA:72,0
DA:73,0
DA:74,0
DA:75,0
DA:78,1
DA:82,1
DA:83,1
DA:84,0
DA:90,0
DA:94,1
DA:95,1
DA:96,0
DA:100,1
DA:101,1
DA:102,1
DA:124,7
DA:127,2
DA:144,0
DA:149,0
DA:154,0
LF:53
LH:28
BRDA:50,0,0,0
BRDA:50,0,1,0
BRDA:53,1,0,0
BRDA:53,1,1,0
BRDA:57,2,0,0
BRDA:57,2,1,0
BRDA:67,3,0,0
BRDA:67,3,1,0
BRDA:70,4,0,0
BRDA:70,4,1,0
BRDA:73,5,0,0
BRDA:73,5,1,0
BRDA:79,6,0,1
BRDA:79,6,1,0
BRDA:79,6,2,0
BRDA:83,7,0,0
BRDA:83,7,1,1
BRDA:95,8,0,0
BRDA:95,8,1,1
BRDA:110,9,0,0
BRDA:110,9,1,1
BRDA:123,10,0,0
BRDA:124,11,0,7
BRDA:124,11,1,0
BRDA:127,12,0,0
BRF:25
BRH:5
end_of_record
TN:
SF:src/component/chart/functions/chartFunctions.ts
FN:15,daysOnMonth
FN:21,(anonymous_1)
FNF:2
FNH:1
FNDA:0,daysOnMonth
FNDA:1,(anonymous_1)
DA:1,1
DA:16,0
DA:18,0
DA:21,1
DA:29,1
DA:30,1
DA:31,1
DA:32,1
DA:33,1
DA:35,1
DA:36,6
DA:37,5
DA:39,1
DA:42,1
DA:43,0
DA:44,0
DA:45,0
DA:47,0
DA:52,1
DA:53,0
DA:54,0
DA:55,0
DA:57,0
DA:62,0
DA:64,1
DA:66,1
LF:26
LH:15
BRDA:36,0,0,5
BRDA:36,0,1,1
BRDA:44,1,0,0
BRDA:44,1,1,0
BRDA:54,2,0,0
BRDA:54,2,1,0
BRF:6
BRH:2
end_of_record
TN:
SF:src/component/client/queries/queries.ts
FNF:0
FNH:0
DA:3,2
DA:14,2
DA:38,2
DA:44,2
DA:50,2
DA:56,2
LF:6
LH:6
BRF:0
BRH:0
end_of_record
TN:
SF:src/component/hooks/useGetBalance.ts
FN:5,(anonymous_0)
FNF:1
FNH:1
FNDA:1,(anonymous_0)
DA:5,1
DA:6,1
DA:13,1
LF:3
LH:3
BRF:0
BRH:0
end_of_record
TN:
SF:src/component/hooks/useGetWallets.ts
FN:5,(anonymous_0)
FNF:1
FNH:1
FNDA:1,(anonymous_0)
DA:5,1
DA:6,1
DA:15,1
LF:3
LH:3
BRF:0
BRH:0
end_of_record
TN:
SF:src/component/services/HardwareServices.ts
FN:3,isDeviceConnected
FNF:1
FNH:1
FNDA:3,isDeviceConnected
DA:4,3
DA:5,3
DA:7,2
DA:9,0
LF:4
LH:3
BRF:0
BRH:0
end_of_record
TN:
SF:src/component/strings/pt-br.js
FNF:0
FNH:0
DA:1,2
DA:6,2
DA:15,2
DA:35,2
DA:39,2
LF:5
LH:5
BRF:0
BRH:0
end_of_record
TN:
SF:src/component/styles/styles.js
FNF:0
FNH:0
DA:3,2
DA:11,2
DA:22,2
DA:36,2
DA:51,2
DA:59,2
DA:67,2
DA:71,2
DA:76,2
DA:84,2
DA:93,2
DA:98,2
DA:102,2
DA:111,2
LF:14
LH:14
BRF:0
BRH:0
end_of_record
TN:
SF:src/component/utils/functions/Format.ts
FN:1,(anonymous_0)
FNF:1
FNH:0
FNDA:0,(anonymous_0)
DA:1,1
DA:2,0
DA:3,0
DA:4,0
DA:7,0
LF:5
LH:1
BRDA:4,0,0,0
BRDA:4,0,1,0
BRF:2
BRH:0
end_of_record
TN:
SF:src/component/walletCard/WalletCard.tsx
FN:16,WalletCard
FN:28,(anonymous_1)
FN:35,(anonymous_2)
FNF:3
FNH:0
FNDA:0,WalletCard
FNDA:0,(anonymous_1)
FNDA:0,(anonymous_2)
DA:27,0
DA:28,0
DA:29,0
DA:30,0
DA:32,0
DA:36,0
DA:74,1
LF:7
LH:1
BRDA:43,0,0,0
BRDA:43,0,1,0
BRDA:49,1,0,0
BRDA:49,1,1,0
BRDA:58,2,0,0
BRDA:58,2,1,0
BRF:6
BRH:0
end_of_record
TN:
SF:src/contexts/auth.tsx
FN:8,(anonymous_0)
FN:11,AuthProvider
FNF:2
FNH:0
FNDA:0,(anonymous_0)
FNDA:0,AuthProvider
DA:6,2
DA:12,0
DA:13,0
LF:3
LH:1
BRF:0
BRH:0
end_of_record
TN:
SF:src/screen/HomeScreen/home.tsx
FN:13,Home
FN:19,(anonymous_1)
FN:27,(anonymous_2)
FN:40,(anonymous_3)
FNF:4
FNH:2
FNDA:1,Home
FNDA:0,(anonymous_1)
FNDA:1,(anonymous_2)
FNDA:0,(anonymous_3)
DA:14,1
DA:15,1
DA:16,1
DA:17,1
DA:19,1
DA:20,0
DA:27,1
DA:28,1
DA:31,1
DA:40,0
DA:49,1
LF:11
LH:9
BRF:0
BRH:0
end_of_record
TN:
SF:src/screen/HomeScreen/walletMock.ts
FNF:0
FNH:0
DA:4,2
LF:1
LH:1
BRF:0
BRH:0
end_of_record
TN:
SF:src/screen/WalletScreen/Modal.tsx
FN:9,(anonymous_0)
FN:23,(anonymous_1)
FN:27,(anonymous_2)
FN:33,(anonymous_3)
FN:37,(anonymous_4)
FNF:5
FNH:4
FNDA:0,(anonymous_0)
FNDA:8,(anonymous_1)
FNDA:8,(anonymous_2)
FNDA:8,(anonymous_3)
FNDA:8,(anonymous_4)
DA:9,1
DA:10,0
DA:23,1
DA:24,8
DA:27,1
DA:28,8
DA:33,1
DA:34,8
DA:37,1
DA:38,8
DA:41,1
LF:11
LH:10
BRDA:9,0,0,0
BRF:1
BRH:0
end_of_record
TN:
SF:src/screen/WalletScreen/ModalScreen.tsx
FN:21,ModalScreen
FN:37,(anonymous_1)
FN:41,(anonymous_2)
FN:57,(anonymous_3)
FN:65,(anonymous_4)
FN:73,(anonymous_5)
FN:74,(anonymous_6)
FN:80,(anonymous_7)
FN:82,(anonymous_8)
FN:135,(anonymous_9)
FNF:10
FNH:4
FNDA:20,ModalScreen
FNDA:4,(anonymous_1)
FNDA:3,(anonymous_2)
FNDA:0,(anonymous_3)
FNDA:0,(anonymous_4)
FNDA:0,(anonymous_5)
FNDA:0,(anonymous_6)
FNDA:0,(anonymous_7)
FNDA:0,(anonymous_8)
FNDA:3,(anonymous_9)
DA:30,20
DA:31,20
DA:32,20
DA:33,20
DA:34,20
DA:35,20
DA:36,20
DA:37,20
DA:38,4
DA:41,20
DA:42,3
DA:43,3
DA:44,2
DA:46,2
DA:47,0
DA:48,2
DA:49,2
DA:50,0
DA:51,0
DA:53,0
DA:57,20
DA:58,0
DA:59,0
DA:65,20
DA:66,0
DA:73,0
DA:74,0
DA:75,0
DA:76,0
DA:80,20
DA:81,0
DA:82,0
DA:85,20
DA:135,3
DA:165,1
LF:35
LH:22
BRDA:46,0,0,0
BRDA:46,0,1,2
BRDA:48,1,0,2
BRDA:48,1,1,0
BRDA:50,2,0,0
BRDA:50,2,1,0
BRDA:50,3,0,0
BRDA:50,3,1,0
BRDA:58,4,0,0
BRDA:58,4,1,0
BRDA:75,5,0,0
BRDA:75,5,1,0
BRDA:103,6,0,20
BRDA:103,6,1,6
BRDA:125,7,0,20
BRDA:125,7,1,14
BRF:16
BRH:6
end_of_record
TN:
SF:src/screen/WalletScreen/WalletScreen.tsx
FN:11,WalletScreen
FN:23,(anonymous_1)
FN:70,(anonymous_2)
FN:80,(anonymous_3)
FNF:4
FNH:3
FNDA:6,WalletScreen
FNDA:6,(anonymous_1)
FNDA:0,(anonymous_2)
FNDA:1,(anonymous_3)
DA:21,6
DA:22,6
DA:23,6
DA:24,6
DA:25,6
DA:27,0
DA:30,6
DA:31,6
DA:34,6
DA:70,0
DA:80,1
DA:90,1
LF:12
LH:10
BRDA:24,0,0,6
BRDA:24,0,1,0
BRDA:37,1,0,6
BRDA:37,1,1,6
BRDA:43,2,0,6
BRDA:43,2,1,0
BRF:6
BRH:4
end_of_record
TN:
SF:src/screen/WalletScreen/mock.ts
FNF:0
FNH:0
DA:1,1
LF:1
LH:1
BRF:0
BRH:0
end_of_record
TN:
SF:src/screen/WalletScreen/styles.js
FNF:0
FNH:0
DA:3,1
DA:14,1
DA:19,1
DA:27,1
DA:31,1
DA:39,1
DA:47,1
DA:51,1
DA:56,1
DA:63,1
DA:69,1
DA:74,1
DA:81,1
DA:90,1
DA:99,1
LF:15
LH:15
BRF:0
BRH:0
end_of_record
TN:
SF:src/screen/selectScreen/SelectScreen.tsx
FN:5,Card
FNF:1
FNH:0
FNDA:0,Card
DA:13,0
DA:59,1
LF:2
LH:1
BRDA:15,0,0,0
BRDA:15,0,1,0
BRDA:17,1,0,0
BRDA:17,1,1,0
BRDA:23,2,0,0
BRDA:23,2,1,0
BRDA:35,3,0,0
BRDA:35,3,1,0
BRDA:37,4,0,0
BRDA:37,4,1,0
BRDA:43,5,0,0
BRDA:43,5,1,0
BRF:12
BRH:0
end_of_record
